#
# There is insufficient memory for the Java Runtime Environment to continue.
# Native memory allocation (mmap) failed to map 56623104 bytes for G1 virtual space
# Possible reasons:
#   The system is out of physical RAM or swap space
#   The process is running with CompressedOops enabled, and the Java Heap may be blocking the growth of the native heap
# Possible solutions:
#   Reduce memory load on the system
#   Increase physical memory or swap space
#   Check if swap backing store is full
#   Decrease Java heap size (-Xmx/-Xms)
#   Decrease number of Java threads
#   Decrease Java thread stack sizes (-Xss)
#   Set larger code cache with -XX:ReservedCodeCacheSize=
#   JVM is running with Unscaled Compressed Oops mode in which the Java heap is
#     placed in the first 4GB address space. The Java Heap base address is the
#     maximum limit for the native heap growth. Please use -XX:HeapBaseMinAddress
#     to set the Java Heap base and to place the Java Heap above 4GB virtual address.
# This output file may be truncated or incomplete.
#
#  Out of Memory Error (os_windows.cpp:3548), pid=21024, tid=14524
#
# JRE version:  (17.0.12+8) (build )
# Java VM: Java HotSpot(TM) 64-Bit Server VM (17.0.12+8-LTS-286, mixed mode, emulated-client, sharing, tiered, compressed oops, compressed class ptrs, g1 gc, windows-amd64)
# No core dump will be written. Minidumps are not enabled by default on client versions of Windows
#

---------------  S U M M A R Y ------------

Command Line: -XX:TieredStopAtLevel=1 com.example.clientapp.ClientAppApplication

Host: AMD Ryzen 3 5300U with Radeon Graphics         , 8 cores, 3G,  Windows 11 , 64 bit Build 22621 (10.0.22621.4391)
Time: Thu Nov 14 15:31:35 2024 Eastern Standard Time elapsed time: 0.028437 seconds (0d 0h 0m 0s)

---------------  T H R E A D  ---------------

Current thread (0x000001f595a99a70):  JavaThread "Unknown thread" [_thread_in_vm, id=14524, stack(0x0000000e37b00000,0x0000000e37c00000)]

Stack: [0x0000000e37b00000,0x0000000e37c00000]
Native frames: (J=compiled Java code, j=interpreted, Vv=VM code, C=native code)
V  [jvm.dll+0x67a04a]
V  [jvm.dll+0x7da4ed]
V  [jvm.dll+0x7dbe33]
V  [jvm.dll+0x7dc4a3]
V  [jvm.dll+0x24508f]
V  [jvm.dll+0x677089]
V  [jvm.dll+0x66bd32]
V  [jvm.dll+0x301fa6]
V  [jvm.dll+0x309546]
V  [jvm.dll+0x359d2e]
V  [jvm.dll+0x359f5f]
V  [jvm.dll+0x2d9078]
V  [jvm.dll+0x2d9fe4]
V  [jvm.dll+0x7aca21]
V  [jvm.dll+0x367591]
V  [jvm.dll+0x78b999]
V  [jvm.dll+0x3ec83f]
V  [jvm.dll+0x3ee471]
C  [jli.dll+0x5297]
C  [ucrtbase.dll+0x29333]
C  [KERNEL32.DLL+0x1259d]
C  [ntdll.dll+0x5af38]


---------------  P R O C E S S  ---------------

Threads class SMR info:
_java_thread_list=0x00007ffc268a7a18, length=0, elements={
}

Java Threads: ( => current thread )

Other Threads:
  0x000001f595ae1100 GCTaskThread "GC Thread#0" [stack: 0x0000000e37c00000,0x0000000e37d00000] [id=7456]
  0x000001f595ae8c10 ConcurrentGCThread "G1 Main Marker" [stack: 0x0000000e37d00000,0x0000000e37e00000] [id=5736]
  0x000001f595ae9620 ConcurrentGCThread "G1 Conc#0" [stack: 0x0000000e37e00000,0x0000000e37f00000] [id=19868]

[error occurred during error reporting (printing all threads), id 0xc0000005, EXCEPTION_ACCESS_VIOLATION (0xc0000005) at pc=0x00007ffc260d9b67]

VM state: not at safepoint (not fully initialized)

VM Mutex/Monitor currently owned by a thread:  ([mutex/lock_event])
[0x000001f595a96ae0] Heap_lock - owner thread: 0x000001f595a99a70

Heap address: 0x00000000ca200000, size: 862 MB, Compressed Oops mode: 32-bit

CDS archive(s) mapped at: [0x0000000000000000-0x0000000000000000-0x0000000000000000), size 0, SharedBaseAddress: 0x0000000800000000, ArchiveRelocationMode: 1.
Narrow klass base: 0x0000000000000000, Narrow klass shift: 0, Narrow klass range: 0x0

GC Precious Log:
<Empty>

Heap:
 garbage-first heap   total 0K, used 0K [0x00000000ca200000, 0x0000000100000000)
  region size 1024K, 0 young (0K), 0 survivors (0K)

[error occurred during error reporting (printing heap information), id 0xc0000005, EXCEPTION_ACCESS_VIOLATION (0xc0000005) at pc=0x00007ffc264c3859]

GC Heap History (0 events):
No events

Deoptimization events (0 events):
No events

Classes unloaded (0 events):
No events

Classes redefined (0 events):
No events

Internal exceptions (0 events):
No events

VM Operations (0 events):
No events

Events (1 events):
Event: 0.019 Loaded shared library C:\Program Files\Java\jdk-17\bin\java.dll


Dynamic libraries:
0x00007ff709840000 - 0x00007ff709850000 	C:\Program Files\Java\jdk-17\bin\java.exe
0x00007ffcb7a10000 - 0x00007ffcb7c27000 	C:\WINDOWS\SYSTEM32\ntdll.dll
0x00007ffcb6790000 - 0x00007ffcb6854000 	C:\WINDOWS\System32\KERNEL32.DLL
0x00007ffcb5110000 - 0x00007ffcb54c9000 	C:\WINDOWS\System32\KERNELBASE.dll
0x00007ffcb54d0000 - 0x00007ffcb55e1000 	C:\WINDOWS\System32\ucrtbase.dll
0x00007ffc888d0000 - 0x00007ffc888eb000 	C:\Program Files\Java\jdk-17\bin\VCRUNTIME140.dll
0x00007ffc888b0000 - 0x00007ffc888c9000 	C:\Program Files\Java\jdk-17\bin\jli.dll
0x00007ffcb6490000 - 0x00007ffcb6542000 	C:\WINDOWS\System32\ADVAPI32.dll
0x00007ffcb7180000 - 0x00007ffcb7227000 	C:\WINDOWS\System32\msvcrt.dll
0x00007ffcb7400000 - 0x00007ffcb74a7000 	C:\WINDOWS\System32\sechost.dll
0x00007ffcb5700000 - 0x00007ffcb5728000 	C:\WINDOWS\System32\bcrypt.dll
0x00007ffcb5b60000 - 0x00007ffcb5c74000 	C:\WINDOWS\System32\RPCRT4.dll
0x00007ffcb62e0000 - 0x00007ffcb648e000 	C:\WINDOWS\System32\USER32.dll
0x00007ffcb4f70000 - 0x00007ffcb4f96000 	C:\WINDOWS\System32\win32u.dll
0x00007ffcb5b20000 - 0x00007ffcb5b49000 	C:\WINDOWS\System32\GDI32.dll
0x00007ffcb4e50000 - 0x00007ffcb4f6b000 	C:\WINDOWS\System32\gdi32full.dll
0x00007ffcb5660000 - 0x00007ffcb56fa000 	C:\WINDOWS\System32\msvcp_win.dll
0x00007ffca5150000 - 0x00007ffca53e2000 	C:\WINDOWS\WinSxS\amd64_microsoft.windows.common-controls_6595b64144ccf1df_6.0.22621.4391_none_2715d37f73803e96\COMCTL32.dll
0x00007ffca7e40000 - 0x00007ffca7e4a000 	C:\WINDOWS\SYSTEM32\VERSION.dll
0x00007ffcb6750000 - 0x00007ffcb6781000 	C:\WINDOWS\System32\IMM32.DLL
0x00007ffc9aa40000 - 0x00007ffc9aa4c000 	C:\Program Files\Java\jdk-17\bin\vcruntime140_1.dll
0x00007ffc516c0000 - 0x00007ffc5174e000 	C:\Program Files\Java\jdk-17\bin\msvcp140.dll
0x00007ffc25df0000 - 0x00007ffc269d0000 	C:\Program Files\Java\jdk-17\bin\server\jvm.dll
0x00007ffcb6860000 - 0x00007ffcb6868000 	C:\WINDOWS\System32\PSAPI.DLL
0x00007ffc97150000 - 0x00007ffc97159000 	C:\WINDOWS\SYSTEM32\WSOCK32.dll
0x00007ffcaf740000 - 0x00007ffcaf774000 	C:\WINDOWS\SYSTEM32\WINMM.dll
0x00007ffcb5c80000 - 0x00007ffcb5cf1000 	C:\WINDOWS\System32\WS2_32.dll
0x00007ffcb3d20000 - 0x00007ffcb3d38000 	C:\WINDOWS\SYSTEM32\kernel.appcore.dll
0x00007ffc96d60000 - 0x00007ffc96d6a000 	C:\Program Files\Java\jdk-17\bin\jimage.dll
0x00007ffcb2700000 - 0x00007ffcb2932000 	C:\WINDOWS\SYSTEM32\DBGHELP.DLL
0x00007ffcb5790000 - 0x00007ffcb5b1f000 	C:\WINDOWS\System32\combase.dll
0x00007ffcb5e10000 - 0x00007ffcb5ee7000 	C:\WINDOWS\System32\OLEAUT32.dll
0x00007ffca9d60000 - 0x00007ffca9d92000 	C:\WINDOWS\SYSTEM32\dbgcore.DLL
0x00007ffcb4dd0000 - 0x00007ffcb4e4b000 	C:\WINDOWS\System32\bcryptPrimitives.dll
0x00007ffc82d30000 - 0x00007ffc82d55000 	C:\Program Files\Java\jdk-17\bin\java.dll

dbghelp: loaded successfully - version: 4.0.5 - missing functions: none
symbol engine: initialized successfully - sym options: 0x614 - pdb path: .;C:\Program Files\Java\jdk-17\bin;C:\WINDOWS\SYSTEM32;C:\WINDOWS\WinSxS\amd64_microsoft.windows.common-controls_6595b64144ccf1df_6.0.22621.4391_none_2715d37f73803e96;C:\Program Files\Java\jdk-17\bin\server

VM Arguments:
jvm_args: -XX:TieredStopAtLevel=1 
java_command: com.example.clientapp.ClientAppApplication
java_class_path (initial): C:\Users\chenc\Desktop\4156\project\Ateam-App\ClientApp\target\classes;C:\Users\chenc\.m2\repository\org\springframework\boot\spring-boot\3.3.5\spring-boot-3.3.5.jar;C:\Users\chenc\.m2\repository\org\springframework\boot\spring-boot-autoconfigure\3.3.5\spring-boot-autoconfigure-3.3.5.jar;C:\Users\chenc\.m2\repository\ch\qos\logback\logback-classic\1.5.11\logback-classic-1.5.11.jar;C:\Users\chenc\.m2\repository\ch\qos\logback\logback-core\1.5.11\logback-core-1.5.11.jar;C:\Users\chenc\.m2\repository\org\apache\logging\log4j\log4j-to-slf4j\2.23.1\log4j-to-slf4j-2.23.1.jar;C:\Users\chenc\.m2\repository\org\apache\logging\log4j\log4j-api\2.23.1\log4j-api-2.23.1.jar;C:\Users\chenc\.m2\repository\org\slf4j\jul-to-slf4j\2.0.16\jul-to-slf4j-2.0.16.jar;C:\Users\chenc\.m2\repository\jakarta\annotation\jakarta.annotation-api\2.1.1\jakarta.annotation-api-2.1.1.jar;C:\Users\chenc\.m2\repository\org\yaml\snakeyaml\2.2\snakeyaml-2.2.jar;C:\Users\chenc\.m2\repository\org\thymeleaf\thymeleaf-spring6\3.1.2.RELEASE\thymeleaf-spring6-3.1.2.RELEASE.jar;C:\Users\chenc\.m2\repository\org\thymeleaf\thymeleaf\3.1.2.RELEASE\thymeleaf-3.1.2.RELEASE.jar;C:\Users\chenc\.m2\repository\org\attoparser\attoparser\2.0.7.RELEASE\attoparser-2.0.7.RELEASE.jar;C:\Users\chenc\.m2\repository\org\unbescape\unbescape\1.1.6.RELEASE\unbescape-1.1.6.RELEASE.jar;C:\Users\chenc\.m2\repository\com\google\firebase\firebase-admin\8.1.0\firebase-admin-8.1.0.jar;C:\Users\chenc\.m2\repository\com\google\api-client\google-api-client\1.32.1\google-api-client-1.32.1.jar;C:\Users\chenc\.m2\repository\com\google\oauth-client\google-oauth-client\1.31.5\google-oauth-client-1.31.5.jar;C:\Users\chenc\.m2\repository\com\google\http-client\google-http-client-gson\1.39.2\google-http-client-gson-1.39.2.jar;C:\Users\chenc\.m2\repository\com\google\http-client\google-http-client-apache-v2\1.39.2\google-http-client-apache-v2-1.39.2.jar;C:\Users\chenc\.m2\repository\org\apache\httpcomponents\httpcore\4.4.16
Launcher Type: SUN_STANDARD

[Global flags]
     intx CICompilerCount                          = 4                                         {product} {ergonomic}
     uint ConcGCThreads                            = 2                                         {product} {ergonomic}
     uint G1ConcRefinementThreads                  = 8                                         {product} {ergonomic}
   size_t G1HeapRegionSize                         = 1048576                                   {product} {ergonomic}
    uintx GCDrainStackTargetSize                   = 64                                        {product} {ergonomic}
   size_t InitialHeapSize                          = 56623104                                  {product} {ergonomic}
   size_t MarkStackSize                            = 4194304                                   {product} {ergonomic}
   size_t MaxHeapSize                              = 903872512                                 {product} {ergonomic}
   size_t MinHeapDeltaBytes                        = 1048576                                   {product} {ergonomic}
   size_t MinHeapSize                              = 8388608                                   {product} {ergonomic}
    uintx NonProfiledCodeHeapSize                  = 0                                      {pd product} {ergonomic}
     bool ProfileInterpreter                       = false                                  {pd product} {command line}
    uintx ProfiledCodeHeapSize                     = 0                                      {pd product} {ergonomic}
   size_t SoftMaxHeapSize                          = 903872512                              {manageable} {ergonomic}
     intx TieredStopAtLevel                        = 1                                         {product} {command line}
     bool UseCompressedClassPointers               = true                           {product lp64_product} {ergonomic}
     bool UseCompressedOops                        = true                           {product lp64_product} {ergonomic}
     bool UseG1GC                                  = true                                      {product} {ergonomic}
     bool UseLargePagesIndividualAllocation        = false                                  {pd product} {ergonomic}

Logging:
Log output configuration:
 #0: stdout all=warning uptime,level,tags
 #1: stderr all=off uptime,level,tags

Environment Variables:
JAVA_HOME=C:\Program Files\Java\jdk-17
PATH=C:\Program Files (x86)\VMware\VMware Workstation\bin\;C:\Program Files\Common Files\Oracle\Java\javapath;C:\WINDOWS\system32;C:\WINDOWS;C:\WINDOWS\System32\Wbem;C:\WINDOWS\System32\WindowsPowerShell\v1.0\;C:\WINDOWS\System32\OpenSSH\;C:\Program Files\nodejs\;C:\Program Files\Git\cmd;C:\Program Files\maven\apache-maven-3.9.5\bin;C:\Program Files (x86)\Gpg4win\..\GnuPG\bin;C:\pmd-bin-7.5.0\pmd-bin-7.5.0\bin;C:\Program Files\Go\bin;C:\msys64\mingw64\bin;C:\msys64\usr\bin;C:\ghcup\Cabal-3.2.0.0;;C:\ProgramData\chocolatey\bin;C:\bin;C:\Users\chenc\AppData\Roaming\local\bin;C:\Users\chenc\AppData\Local\Microsoft\WindowsApps;C:\Users\chenc\AppData\Local\Programs\Microsoft VS Code\bin;C:\Users\chenc\AppData\Roaming\npm;C:\msys64\ucrt64\bin;C:\Program Files\JetBrains\IntelliJ IDEA 2024.2.1\bin;;C:\pmd-bin-7.5.0\pmd-bin-7.5.0\bin;C:\Program Files\Go\bin;C:\Users\chenc\AppData\Local\Google\Cloud SDK\google-cloud-sdk\bin;C:\ghcup\Cabal-3.2.0.0;C:\msys64\mingw64\bin;C:\msys64\usr\bin;;C:\Users\chenc\AppData\Roaming\cabal\bin;C:\tools\ghc-9.8.2\bin
USERNAME=chenc
OS=Windows_NT
PROCESSOR_IDENTIFIER=AMD64 Family 23 Model 104 Stepping 1, AuthenticAMD



---------------  S Y S T E M  ---------------

OS:
 Windows 11 , 64 bit Build 22621 (10.0.22621.4391)
OS uptime: 1 days 5:32 hours
Hyper-V role detected

CPU: total 8 (initial active 8) (8 cores per cpu, 2 threads per core) family 23 model 104 stepping 1 microcode 0x0, cx8, cmov, fxsr, ht, mmx, 3dnowpref, sse, sse2, sse3, ssse3, sse4a, sse4.1, sse4.2, popcnt, lzcnt, tsc, tscinvbit, avx, avx2, aes, clmul, bmi1, bmi2, adx, sha, fma, vzeroupper, clflush, clflushopt, hv

Memory: 4k page, system-wide physical 3446M (349M free)
TotalPageFile size 14198M (AvailPageFile size 61M)
current process WorkingSet (physical memory assigned to process): 10M, peak: 10M
current process commit charge ("private bytes"): 55M, peak: 109M

vm_info: Java HotSpot(TM) 64-Bit Server VM (17.0.12+8-LTS-286) for windows-amd64 JRE (17.0.12+8-LTS-286), built on Jun  5 2024 06:46:59 by "mach5one" with MS VC++ 17.6 (VS2022)

END.
