#
# There is insufficient memory for the Java Runtime Environment to continue.
# Native memory allocation (mmap) failed to map 65536 bytes for Failed to commit metaspace.
# Possible reasons:
#   The system is out of physical RAM or swap space
#   The process is running with CompressedOops enabled, and the Java Heap may be blocking the growth of the native heap
# Possible solutions:
#   Reduce memory load on the system
#   Increase physical memory or swap space
#   Check if swap backing store is full
#   Decrease Java heap size (-Xmx/-Xms)
#   Decrease number of Java threads
#   Decrease Java thread stack sizes (-Xss)
#   Set larger code cache with -XX:ReservedCodeCacheSize=
#   JVM is running with Unscaled Compressed Oops mode in which the Java heap is
#     placed in the first 4GB address space. The Java Heap base address is the
#     maximum limit for the native heap growth. Please use -XX:HeapBaseMinAddress
#     to set the Java Heap base and to place the Java Heap above 4GB virtual address.
# This output file may be truncated or incomplete.
#
#  Out of Memory Error (virtualSpaceNode.cpp:110), pid=20336, tid=10324
#
# JRE version: Java(TM) SE Runtime Environment (17.0.12+8) (build 17.0.12+8-LTS-286)
# Java VM: Java HotSpot(TM) 64-Bit Server VM (17.0.12+8-LTS-286, mixed mode, emulated-client, sharing, tiered, compressed oops, compressed class ptrs, g1 gc, windows-amd64)
# No core dump will be written. Minidumps are not enabled by default on client versions of Windows
#

---------------  S U M M A R Y ------------

Command Line: -XX:TieredStopAtLevel=1 com.example.clientapp.ClientAppApplication

Host: AMD Ryzen 3 5300U with Radeon Graphics         , 8 cores, 3G,  Windows 11 , 64 bit Build 22621 (10.0.22621.4391)
Time: Thu Nov 14 15:30:34 2024 Eastern Standard Time elapsed time: 11.589228 seconds (0d 0h 0m 11s)

---------------  T H R E A D  ---------------

Current thread (0x00000149457893a0):  JavaThread "main" [_thread_in_vm, id=10324, stack(0x00000015b3100000,0x00000015b3200000)]

Stack: [0x00000015b3100000,0x00000015b3200000]
Native frames: (J=compiled Java code, j=interpreted, Vv=VM code, C=native code)
V  [jvm.dll+0x67a04a]
V  [jvm.dll+0x7da4ed]
V  [jvm.dll+0x7dbe33]
V  [jvm.dll+0x7dc4a3]
V  [jvm.dll+0x24508f]
V  [jvm.dll+0x7d60bb]
V  [jvm.dll+0x6206c6]
V  [jvm.dll+0x62072a]
V  [jvm.dll+0x622f4d]
V  [jvm.dll+0x621086]
V  [jvm.dll+0x23a821]
V  [jvm.dll+0x1e8e87]
V  [jvm.dll+0x1dea41]
V  [jvm.dll+0x53f78c]
V  [jvm.dll+0x1ef3ca]
V  [jvm.dll+0x7547ad]
V  [jvm.dll+0x755bc6]
V  [jvm.dll+0x414b95]
C  [java.dll+0x1a55]

Java frames: (J=compiled Java code, j=interpreted, Vv=VM code)
J 695  java.lang.ClassLoader.findBootstrapClass(Ljava/lang/String;)Ljava/lang/Class; java.base@17.0.12 (0 bytes) @ 0x000001494d2d297a [0x000001494d2d2920+0x000000000000005a]
J 699 c1 jdk.internal.loader.ClassLoaders$BootClassLoader.loadClassOrNull(Ljava/lang/String;Z)Ljava/lang/Class; java.base@17.0.12 (10 bytes) @ 0x000001494d2d4324 [0x000001494d2d42c0+0x0000000000000064]
J 426 c1 jdk.internal.loader.BuiltinClassLoader.loadClassOrNull(Ljava/lang/String;Z)Ljava/lang/Class; java.base@17.0.12 (143 bytes) @ 0x000001494d26298c [0x000001494d262600+0x000000000000038c]
J 697 c1 jdk.internal.loader.ClassLoaders$AppClassLoader.loadClass(Ljava/lang/String;Z)Ljava/lang/Class; java.base@17.0.12 (40 bytes) @ 0x000001494d2d3d24 [0x000001494d2d3be0+0x0000000000000144]
J 696 c1 java.lang.ClassLoader.loadClass(Ljava/lang/String;)Ljava/lang/Class; java.base@17.0.12 (7 bytes) @ 0x000001494d2d34e4 [0x000001494d2d34a0+0x0000000000000044]
v  ~StubRoutines::call_stub
j  com.google.auth.oauth2.GoogleCredentials.fromStream(Ljava/io/InputStream;Lcom/google/auth/http/HttpTransportFactory;)Lcom/google/auth/oauth2/GoogleCredentials;+95
j  com.google.auth.oauth2.GoogleCredentials.fromStream(Ljava/io/InputStream;)Lcom/google/auth/oauth2/GoogleCredentials;+4
j  com.example.clientapp.FirebaseConfig.initFirebase()Lcom/google/firebase/FirebaseApp;+23
j  com.example.clientapp.FirebaseConfig$$SpringCGLIB$$0.CGLIB$initFirebase$0()Lcom/google/firebase/FirebaseApp;+1
j  com.example.clientapp.FirebaseConfig$$SpringCGLIB$$FastClass$$1.invoke(ILjava/lang/Object;[Ljava/lang/Object;)Ljava/lang/Object;+136
j  org.springframework.cglib.proxy.MethodProxy.invokeSuper(Ljava/lang/Object;[Ljava/lang/Object;)Ljava/lang/Object;+19
j  org.springframework.context.annotation.ConfigurationClassEnhancer$BeanMethodInterceptor.intercept(Ljava/lang/Object;Ljava/lang/reflect/Method;[Ljava/lang/Object;Lorg/springframework/cglib/proxy/MethodProxy;)Ljava/lang/Object;+181
j  com.example.clientapp.FirebaseConfig$$SpringCGLIB$$0.initFirebase()Lcom/google/firebase/FirebaseApp;+31
v  ~StubRoutines::call_stub
j  jdk.internal.reflect.NativeMethodAccessorImpl.invoke0(Ljava/lang/reflect/Method;Ljava/lang/Object;[Ljava/lang/Object;)Ljava/lang/Object;+0 java.base@17.0.12
j  jdk.internal.reflect.NativeMethodAccessorImpl.invoke(Ljava/lang/Object;[Ljava/lang/Object;)Ljava/lang/Object;+133 java.base@17.0.12
j  jdk.internal.reflect.DelegatingMethodAccessorImpl.invoke(Ljava/lang/Object;[Ljava/lang/Object;)Ljava/lang/Object;+6 java.base@17.0.12
j  java.lang.reflect.Method.invoke(Ljava/lang/Object;[Ljava/lang/Object;)Ljava/lang/Object;+59 java.base@17.0.12
j  org.springframework.beans.factory.support.SimpleInstantiationStrategy.instantiate(Lorg/springframework/beans/factory/support/RootBeanDefinition;Ljava/lang/String;Lorg/springframework/beans/factory/BeanFactory;Ljava/lang/Object;Ljava/lang/reflect/Method;[Ljava/lang/Object;)Ljava/lang/Object;+21
j  org.springframework.beans.factory.support.ConstructorResolver.instantiate(Ljava/lang/String;Lorg/springframework/beans/factory/support/RootBeanDefinition;Ljava/lang/Object;Ljava/lang/reflect/Method;[Ljava/lang/Object;)Ljava/lang/Object;+18
j  org.springframework.beans.factory.support.ConstructorResolver.instantiateUsingFactoryMethod(Ljava/lang/String;Lorg/springframework/beans/factory/support/RootBeanDefinition;[Ljava/lang/Object;)Lorg/springframework/beans/BeanWrapper;+491
j  org.springframework.beans.factory.support.AbstractAutowireCapableBeanFactory.instantiateUsingFactoryMethod(Ljava/lang/String;Lorg/springframework/beans/factory/support/RootBeanDefinition;[Ljava/lang/Object;)Lorg/springframework/beans/BeanWrapper;+11
j  org.springframework.beans.factory.support.AbstractAutowireCapableBeanFactory.createBeanInstance(Ljava/lang/String;Lorg/springframework/beans/factory/support/RootBeanDefinition;[Ljava/lang/Object;)Lorg/springframework/beans/BeanWrapper;+93
j  org.springframework.beans.factory.support.AbstractAutowireCapableBeanFactory.doCreateBean(Ljava/lang/String;Lorg/springframework/beans/factory/support/RootBeanDefinition;[Ljava/lang/Object;)Ljava/lang/Object;+34
j  org.springframework.beans.factory.support.AbstractAutowireCapableBeanFactory.createBean(Ljava/lang/String;Lorg/springframework/beans/factory/support/RootBeanDefinition;[Ljava/lang/Object;)Ljava/lang/Object;+153
j  org.springframework.beans.factory.support.AbstractBeanFactory.lambda$doGetBean$0(Ljava/lang/String;Lorg/springframework/beans/factory/support/RootBeanDefinition;[Ljava/lang/Object;)Ljava/lang/Object;+4
j  org.springframework.beans.factory.support.AbstractBeanFactory$$Lambda$263+0x000001490119d6d8.getObject()Ljava/lang/Object;+16
j  org.springframework.beans.factory.support.DefaultSingletonBeanRegistry.getSingleton(Ljava/lang/String;Lorg/springframework/beans/factory/ObjectFactory;)Ljava/lang/Object;+114
J 2390 c1 org.springframework.beans.factory.support.AbstractBeanFactory.doGetBean(Ljava/lang/String;Ljava/lang/Class;[Ljava/lang/Object;Z)Ljava/lang/Object; (787 bytes) @ 0x000001494d570744 [0x000001494d570180+0x00000000000005c4]
j  org.springframework.beans.factory.support.AbstractBeanFactory.getBean(Ljava/lang/String;)Ljava/lang/Object;+5
j  org.springframework.beans.factory.config.DependencyDescriptor.resolveCandidate(Ljava/lang/String;Ljava/lang/Class;Lorg/springframework/beans/factory/BeanFactory;)Ljava/lang/Object;+2
j  org.springframework.beans.factory.support.DefaultListableBeanFactory.doResolveDependency(Lorg/springframework/beans/factory/config/DependencyDescriptor;Ljava/lang/String;Ljava/util/Set;Lorg/springframework/beans/TypeConverter;)Ljava/lang/Object;+473
j  org.springframework.beans.factory.support.DefaultListableBeanFactory.resolveDependency(Lorg/springframework/beans/factory/config/DependencyDescriptor;Ljava/lang/String;Ljava/util/Set;Lorg/springframework/beans/TypeConverter;)Ljava/lang/Object;+117
j  org.springframework.beans.factory.support.ConstructorResolver.resolveAutowiredArgument(Lorg/springframework/beans/factory/config/DependencyDescriptor;Ljava/lang/Class;Ljava/lang/String;Ljava/util/Set;Lorg/springframework/beans/TypeConverter;Z)Ljava/lang/Object;+53
j  org.springframework.beans.factory.support.ConstructorResolver.createArgumentArray(Ljava/lang/String;Lorg/springframework/beans/factory/support/RootBeanDefinition;Lorg/springframework/beans/factory/config/ConstructorArgumentValues;Lorg/springframework/beans/BeanWrapper;[Ljava/lang/Class;[Ljava/lang/String;Ljava/lang/reflect/Executable;ZZ)Lorg/springframework/beans/factory/support/ConstructorResolver$ArgumentsHolder;+420
j  org.springframework.beans.factory.support.ConstructorResolver.autowireConstructor(Ljava/lang/String;Lorg/springframework/beans/factory/support/RootBeanDefinition;[Ljava/lang/reflect/Constructor;[Ljava/lang/Object;)Lorg/springframework/beans/BeanWrapper;+530
j  org.springframework.beans.factory.support.AbstractAutowireCapableBeanFactory.autowireConstructor(Ljava/lang/String;Lorg/springframework/beans/factory/support/RootBeanDefinition;[Ljava/lang/reflect/Constructor;[Ljava/lang/Object;)Lorg/springframework/beans/BeanWrapper;+13
j  org.springframework.beans.factory.support.AbstractAutowireCapableBeanFactory.createBeanInstance(Ljava/lang/String;Lorg/springframework/beans/factory/support/RootBeanDefinition;[Ljava/lang/Object;)Lorg/springframework/beans/BeanWrapper;+213
j  org.springframework.beans.factory.support.AbstractAutowireCapableBeanFactory.doCreateBean(Ljava/lang/String;Lorg/springframework/beans/factory/support/RootBeanDefinition;[Ljava/lang/Object;)Ljava/lang/Object;+34
j  org.springframework.beans.factory.support.AbstractAutowireCapableBeanFactory.createBean(Ljava/lang/String;Lorg/springframework/beans/factory/support/RootBeanDefinition;[Ljava/lang/Object;)Ljava/lang/Object;+153
j  org.springframework.beans.factory.support.AbstractBeanFactory.lambda$doGetBean$0(Ljava/lang/String;Lorg/springframework/beans/factory/support/RootBeanDefinition;[Ljava/lang/Object;)Ljava/lang/Object;+4
j  org.springframework.beans.factory.support.AbstractBeanFactory$$Lambda$263+0x000001490119d6d8.getObject()Ljava/lang/Object;+16
j  org.springframework.beans.factory.support.DefaultSingletonBeanRegistry.getSingleton(Ljava/lang/String;Lorg/springframework/beans/factory/ObjectFactory;)Ljava/lang/Object;+114
J 2390 c1 org.springframework.beans.factory.support.AbstractBeanFactory.doGetBean(Ljava/lang/String;Ljava/lang/Class;[Ljava/lang/Object;Z)Ljava/lang/Object; (787 bytes) @ 0x000001494d570744 [0x000001494d570180+0x00000000000005c4]
j  org.springframework.beans.factory.support.AbstractBeanFactory.getBean(Ljava/lang/String;)Ljava/lang/Object;+5
j  org.springframework.beans.factory.config.DependencyDescriptor.resolveCandidate(Ljava/lang/String;Ljava/lang/Class;Lorg/springframework/beans/factory/BeanFactory;)Ljava/lang/Object;+2
j  org.springframework.beans.factory.support.DefaultListableBeanFactory.doResolveDependency(Lorg/springframework/beans/factory/config/DependencyDescriptor;Ljava/lang/String;Ljava/util/Set;Lorg/springframework/beans/TypeConverter;)Ljava/lang/Object;+473
j  org.springframework.beans.factory.support.DefaultListableBeanFactory.resolveDependency(Lorg/springframework/beans/factory/config/DependencyDescriptor;Ljava/lang/String;Ljava/util/Set;Lorg/springframework/beans/TypeConverter;)Ljava/lang/Object;+117
j  org.springframework.beans.factory.support.ConstructorResolver.resolveAutowiredArgument(Lorg/springframework/beans/factory/config/DependencyDescriptor;Ljava/lang/Class;Ljava/lang/String;Ljava/util/Set;Lorg/springframework/beans/TypeConverter;Z)Ljava/lang/Object;+53
j  org.springframework.beans.factory.support.ConstructorResolver.createArgumentArray(Ljava/lang/String;Lorg/springframework/beans/factory/support/RootBeanDefinition;Lorg/springframework/beans/factory/config/ConstructorArgumentValues;Lorg/springframework/beans/BeanWrapper;[Ljava/lang/Class;[Ljava/lang/String;Ljava/lang/reflect/Executable;ZZ)Lorg/springframework/beans/factory/support/ConstructorResolver$ArgumentsHolder;+420
j  org.springframework.beans.factory.support.ConstructorResolver.autowireConstructor(Ljava/lang/String;Lorg/springframework/beans/factory/support/RootBeanDefinition;[Ljava/lang/reflect/Constructor;[Ljava/lang/Object;)Lorg/springframework/beans/BeanWrapper;+530
j  org.springframework.beans.factory.support.AbstractAutowireCapableBeanFactory.autowireConstructor(Ljava/lang/String;Lorg/springframework/beans/factory/support/RootBeanDefinition;[Ljava/lang/reflect/Constructor;[Ljava/lang/Object;)Lorg/springframework/beans/BeanWrapper;+13
j  org.springframework.beans.factory.support.AbstractAutowireCapableBeanFactory.createBeanInstance(Ljava/lang/String;Lorg/springframework/beans/factory/support/RootBeanDefinition;[Ljava/lang/Object;)Lorg/springframework/beans/BeanWrapper;+213
j  org.springframework.beans.factory.support.AbstractAutowireCapableBeanFactory.doCreateBean(Ljava/lang/String;Lorg/springframework/beans/factory/support/RootBeanDefinition;[Ljava/lang/Object;)Ljava/lang/Object;+34
j  org.springframework.beans.factory.support.AbstractAutowireCapableBeanFactory.createBean(Ljava/lang/String;Lorg/springframework/beans/factory/support/RootBeanDefinition;[Ljava/lang/Object;)Ljava/lang/Object;+153
j  org.springframework.beans.factory.support.AbstractBeanFactory.lambda$doGetBean$0(Ljava/lang/String;Lorg/springframework/beans/factory/support/RootBeanDefinition;[Ljava/lang/Object;)Ljava/lang/Object;+4
j  org.springframework.beans.factory.support.AbstractBeanFactory$$Lambda$263+0x000001490119d6d8.getObject()Ljava/lang/Object;+16
j  org.springframework.beans.factory.support.DefaultSingletonBeanRegistry.getSingleton(Ljava/lang/String;Lorg/springframework/beans/factory/ObjectFactory;)Ljava/lang/Object;+114
J 2390 c1 org.springframework.beans.factory.support.AbstractBeanFactory.doGetBean(Ljava/lang/String;Ljava/lang/Class;[Ljava/lang/Object;Z)Ljava/lang/Object; (787 bytes) @ 0x000001494d570744 [0x000001494d570180+0x00000000000005c4]
j  org.springframework.beans.factory.support.AbstractBeanFactory.getBean(Ljava/lang/String;)Ljava/lang/Object;+5
j  org.springframework.beans.factory.support.DefaultListableBeanFactory.preInstantiateSingletons()V+152
j  org.springframework.context.support.AbstractApplicationContext.finishBeanFactoryInitialization(Lorg/springframework/beans/factory/config/ConfigurableListableBeanFactory;)V+173
j  org.springframework.context.support.AbstractApplicationContext.refresh()V+94
j  org.springframework.boot.web.servlet.context.ServletWebServerApplicationContext.refresh()V+1
j  org.springframework.boot.SpringApplication.refresh(Lorg/springframework/context/ConfigurableApplicationContext;)V+1
j  org.springframework.boot.SpringApplication.refreshContext(Lorg/springframework/context/ConfigurableApplicationContext;)V+16
j  org.springframework.boot.SpringApplication.run([Ljava/lang/String;)Lorg/springframework/context/ConfigurableApplicationContext;+110
j  org.springframework.boot.SpringApplication.run([Ljava/lang/Class;[Ljava/lang/String;)Lorg/springframework/context/ConfigurableApplicationContext;+9
j  org.springframework.boot.SpringApplication.run(Ljava/lang/Class;[Ljava/lang/String;)Lorg/springframework/context/ConfigurableApplicationContext;+9
j  com.example.clientapp.ClientAppApplication.main([Ljava/lang/String;)V+3
v  ~StubRoutines::call_stub

---------------  P R O C E S S  ---------------

Threads class SMR info:
_java_thread_list=0x0000014959634520, length=14, elements={
0x00000149457893a0, 0x0000014954afeb20, 0x0000014954aff9a0, 0x0000014954b157a0,
0x0000014954b16420, 0x0000014954b17df0, 0x0000014954b187b0, 0x0000014954b19830,
0x0000014954b1a640, 0x000001495906aa80, 0x000001495906ef70, 0x000001495962f640,
0x000001495902e120, 0x0000014959666d50
}

Java Threads: ( => current thread )
=>0x00000149457893a0 JavaThread "main" [_thread_in_vm, id=10324, stack(0x00000015b3100000,0x00000015b3200000)]
  0x0000014954afeb20 JavaThread "Reference Handler" daemon [_thread_blocked, id=9528, stack(0x00000015b3800000,0x00000015b3900000)]
  0x0000014954aff9a0 JavaThread "Finalizer" daemon [_thread_blocked, id=18116, stack(0x00000015b3900000,0x00000015b3a00000)]
  0x0000014954b157a0 JavaThread "Signal Dispatcher" daemon [_thread_blocked, id=14344, stack(0x00000015b3a00000,0x00000015b3b00000)]
  0x0000014954b16420 JavaThread "Attach Listener" daemon [_thread_blocked, id=14612, stack(0x00000015b3b00000,0x00000015b3c00000)]
  0x0000014954b17df0 JavaThread "Service Thread" daemon [_thread_blocked, id=19600, stack(0x00000015b3c00000,0x00000015b3d00000)]
  0x0000014954b187b0 JavaThread "Monitor Deflation Thread" daemon [_thread_blocked, id=14736, stack(0x00000015b3d00000,0x00000015b3e00000)]
  0x0000014954b19830 JavaThread "C1 CompilerThread0" daemon [_thread_blocked, id=12736, stack(0x00000015b3e00000,0x00000015b3f00000)]
  0x0000014954b1a640 JavaThread "Sweeper thread" daemon [_thread_blocked, id=2660, stack(0x00000015b3f00000,0x00000015b4000000)]
  0x000001495906aa80 JavaThread "Notification Thread" daemon [_thread_blocked, id=6312, stack(0x00000015b4100000,0x00000015b4200000)]
  0x000001495906ef70 JavaThread "Common-Cleaner" daemon [_thread_blocked, id=19064, stack(0x00000015b4300000,0x00000015b4400000)]
  0x000001495962f640 JavaThread "Catalina-utility-1" [_thread_blocked, id=6452, stack(0x00000015b4000000,0x00000015b4100000)]
  0x000001495902e120 JavaThread "Catalina-utility-2" [_thread_blocked, id=12360, stack(0x00000015b4c00000,0x00000015b4d00000)]
  0x0000014959666d50 JavaThread "container-0" [_thread_blocked, id=16088, stack(0x00000015b4d00000,0x00000015b4e00000)]

Other Threads:
  0x0000014954af8f10 VMThread "VM Thread" [stack: 0x00000015b3700000,0x00000015b3800000] [id=6008]
  0x00000149457e1290 WatcherThread [stack: 0x00000015b4200000,0x00000015b4300000] [id=19312]
  0x00000149457ca230 GCTaskThread "GC Thread#0" [stack: 0x00000015b3200000,0x00000015b3300000] [id=6532]
  0x0000014959966580 GCTaskThread "GC Thread#1" [stack: 0x00000015b4400000,0x00000015b4500000] [id=14980]
  0x0000014959977750 GCTaskThread "GC Thread#2" [stack: 0x00000015b4500000,0x00000015b4600000] [id=15012]
  0x000001495992b6c0 GCTaskThread "GC Thread#3" [stack: 0x00000015b4600000,0x00000015b4700000] [id=9812]
  0x000001495992b980 GCTaskThread "GC Thread#4" [stack: 0x00000015b4700000,0x00000015b4800000] [id=19464]
  0x0000014959bf8970 GCTaskThread "GC Thread#5" [stack: 0x00000015b4900000,0x00000015b4a00000] [id=11008]
  0x0000014959bf8c30 GCTaskThread "GC Thread#6" [stack: 0x00000015b4a00000,0x00000015b4b00000] [id=16404]
  0x0000014959cbf290 GCTaskThread "GC Thread#7" [stack: 0x00000015b4b00000,0x00000015b4c00000] [id=20244]
  0x00000149457d1d40 ConcurrentGCThread "G1 Main Marker" [stack: 0x00000015b3300000,0x00000015b3400000] [id=8312]
  0x00000149457d2750 ConcurrentGCThread "G1 Conc#0" [stack: 0x00000015b3400000,0x00000015b3500000] [id=1440]
  0x0000014959663ee0 ConcurrentGCThread "G1 Conc#1" [stack: 0x00000015b4800000,0x00000015b4900000] [id=22096]
  0x0000014945825d20 ConcurrentGCThread "G1 Refine#0" [stack: 0x00000015b3500000,0x00000015b3600000] [id=1096]
  0x0000014945827760 ConcurrentGCThread "G1 Service" [stack: 0x00000015b3600000,0x00000015b3700000] [id=14628]

Threads with active compile tasks:

VM state: not at safepoint (normal execution)

VM Mutex/Monitor currently owned by a thread:  ([mutex/lock_event])
[0x0000014945784460] Metaspace_lock - owner thread: 0x00000149457893a0

Heap address: 0x00000000ca200000, size: 862 MB, Compressed Oops mode: 32-bit

CDS archive(s) mapped at: [0x0000014900000000-0x0000014900bd0000-0x0000014900bd0000), size 12386304, SharedBaseAddress: 0x0000014900000000, ArchiveRelocationMode: 1.
Compressed class space mapped at: 0x0000014901000000-0x0000014941000000, reserved size: 1073741824
Narrow klass base: 0x0000014900000000, Narrow klass shift: 0, Narrow klass range: 0x100000000

GC Precious Log:
 CPUs: 8 total, 8 available
 Memory: 3446M
 Large Page Support: Disabled
 NUMA Support: Disabled
 Compressed Oops: Enabled (32-bit)
 Heap Region Size: 1M
 Heap Min Capacity: 8M
 Heap Initial Capacity: 54M
 Heap Max Capacity: 862M
 Pre-touch: Disabled
 Parallel Workers: 8
 Concurrent Workers: 2
 Concurrent Refinement Workers: 8
 Periodic GC: Disabled

Heap:
 garbage-first heap   total 55296K, used 30646K [0x00000000ca200000, 0x0000000100000000)
  region size 1024K, 20 young (20480K), 3 survivors (3072K)
 Metaspace       used 24429K, committed 24768K, reserved 1114112K
  class space    used 3359K, committed 3520K, reserved 1048576K

Heap Regions: E=young(eden), S=young(survivor), O=old, HS=humongous(starts), HC=humongous(continues), CS=collection set, F=free, OA=open archive, CA=closed archive, TAMS=top-at-mark-start (previous, next)
|   0|0x00000000ca200000, 0x00000000ca300000, 0x00000000ca300000|100%| O|  |TAMS 0x00000000ca300000, 0x00000000ca200000| Untracked 
|   1|0x00000000ca300000, 0x00000000ca400000, 0x00000000ca400000|100%| O|  |TAMS 0x00000000ca400000, 0x00000000ca300000| Untracked 
|   2|0x00000000ca400000, 0x00000000ca500000, 0x00000000ca500000|100%| O|  |TAMS 0x00000000ca500000, 0x00000000ca400000| Untracked 
|   3|0x00000000ca500000, 0x00000000ca600000, 0x00000000ca600000|100%| O|  |TAMS 0x00000000ca600000, 0x00000000ca500000| Untracked 
|   4|0x00000000ca600000, 0x00000000ca700000, 0x00000000ca700000|100%| O|  |TAMS 0x00000000ca700000, 0x00000000ca600000| Untracked 
|   5|0x00000000ca700000, 0x00000000ca800000, 0x00000000ca800000|100%| O|  |TAMS 0x00000000ca800000, 0x00000000ca700000| Untracked 
|   6|0x00000000ca800000, 0x00000000ca900000, 0x00000000ca900000|100%| O|  |TAMS 0x00000000ca900000, 0x00000000ca800000| Untracked 
|   7|0x00000000ca900000, 0x00000000caa00000, 0x00000000caa00000|100%| O|  |TAMS 0x00000000caa00000, 0x00000000ca900000| Untracked 
|   8|0x00000000caa00000, 0x00000000cab00000, 0x00000000cab00000|100%| O|  |TAMS 0x00000000cab00000, 0x00000000caa00000| Untracked 
|   9|0x00000000cab00000, 0x00000000cac00000, 0x00000000cac00000|100%| O|  |TAMS 0x00000000cac00000, 0x00000000cab00000| Untracked 
|  10|0x00000000cac00000, 0x00000000cad00000, 0x00000000cad00000|100%| O|  |TAMS 0x00000000cad00000, 0x00000000cac00000| Untracked 
|  11|0x00000000cad00000, 0x00000000cad46000, 0x00000000cae00000| 27%| O|  |TAMS 0x00000000cad46000, 0x00000000cad00000| Complete 
|  12|0x00000000cae00000, 0x00000000cae00000, 0x00000000caf00000|  0%| F|  |TAMS 0x00000000cae00000, 0x00000000cae00000| Untracked 
|  13|0x00000000caf00000, 0x00000000caf00000, 0x00000000cb000000|  0%| F|  |TAMS 0x00000000caf00000, 0x00000000caf00000| Untracked 
|  14|0x00000000cb000000, 0x00000000cb000000, 0x00000000cb100000|  0%| F|  |TAMS 0x00000000cb000000, 0x00000000cb000000| Untracked 
|  15|0x00000000cb100000, 0x00000000cb100000, 0x00000000cb200000|  0%| F|  |TAMS 0x00000000cb100000, 0x00000000cb100000| Untracked 
|  16|0x00000000cb200000, 0x00000000cb200000, 0x00000000cb300000|  0%| F|  |TAMS 0x00000000cb200000, 0x00000000cb200000| Untracked 
|  17|0x00000000cb300000, 0x00000000cb300000, 0x00000000cb400000|  0%| F|  |TAMS 0x00000000cb300000, 0x00000000cb300000| Untracked 
|  18|0x00000000cb400000, 0x00000000cb400000, 0x00000000cb500000|  0%| F|  |TAMS 0x00000000cb400000, 0x00000000cb400000| Untracked 
|  19|0x00000000cb500000, 0x00000000cb500000, 0x00000000cb600000|  0%| F|  |TAMS 0x00000000cb500000, 0x00000000cb500000| Untracked 
|  20|0x00000000cb600000, 0x00000000cb600000, 0x00000000cb700000|  0%| F|  |TAMS 0x00000000cb600000, 0x00000000cb600000| Untracked 
|  21|0x00000000cb700000, 0x00000000cb700000, 0x00000000cb800000|  0%| F|  |TAMS 0x00000000cb700000, 0x00000000cb700000| Untracked 
|  22|0x00000000cb800000, 0x00000000cb800000, 0x00000000cb900000|  0%| F|  |TAMS 0x00000000cb800000, 0x00000000cb800000| Untracked 
|  23|0x00000000cb900000, 0x00000000cb900000, 0x00000000cba00000|  0%| F|  |TAMS 0x00000000cb900000, 0x00000000cb900000| Untracked 
|  24|0x00000000cba00000, 0x00000000cba00000, 0x00000000cbb00000|  0%| F|  |TAMS 0x00000000cba00000, 0x00000000cba00000| Untracked 
|  25|0x00000000cbb00000, 0x00000000cbb00000, 0x00000000cbc00000|  0%| F|  |TAMS 0x00000000cbb00000, 0x00000000cbb00000| Untracked 
|  26|0x00000000cbc00000, 0x00000000cbc00000, 0x00000000cbd00000|  0%| F|  |TAMS 0x00000000cbc00000, 0x00000000cbc00000| Untracked 
|  27|0x00000000cbd00000, 0x00000000cbd00000, 0x00000000cbe00000|  0%| F|  |TAMS 0x00000000cbd00000, 0x00000000cbd00000| Untracked 
|  28|0x00000000cbe00000, 0x00000000cbe00000, 0x00000000cbf00000|  0%| F|  |TAMS 0x00000000cbe00000, 0x00000000cbe00000| Untracked 
|  29|0x00000000cbf00000, 0x00000000cbf00000, 0x00000000cc000000|  0%| F|  |TAMS 0x00000000cbf00000, 0x00000000cbf00000| Untracked 
|  30|0x00000000cc000000, 0x00000000cc000000, 0x00000000cc100000|  0%| F|  |TAMS 0x00000000cc000000, 0x00000000cc000000| Untracked 
|  31|0x00000000cc100000, 0x00000000cc100000, 0x00000000cc200000|  0%| F|  |TAMS 0x00000000cc100000, 0x00000000cc100000| Untracked 
|  32|0x00000000cc200000, 0x00000000cc200000, 0x00000000cc300000|  0%| F|  |TAMS 0x00000000cc200000, 0x00000000cc200000| Untracked 
|  33|0x00000000cc300000, 0x00000000cc300000, 0x00000000cc400000|  0%| F|  |TAMS 0x00000000cc300000, 0x00000000cc300000| Untracked 
|  34|0x00000000cc400000, 0x00000000cc462260, 0x00000000cc500000| 38%| E|  |TAMS 0x00000000cc400000, 0x00000000cc400000| Complete 
|  35|0x00000000cc500000, 0x00000000cc600000, 0x00000000cc600000|100%| E|CS|TAMS 0x00000000cc500000, 0x00000000cc500000| Complete 
|  36|0x00000000cc600000, 0x00000000cc700000, 0x00000000cc700000|100%| E|CS|TAMS 0x00000000cc600000, 0x00000000cc600000| Complete 
|  37|0x00000000cc700000, 0x00000000cc800000, 0x00000000cc800000|100%| E|CS|TAMS 0x00000000cc700000, 0x00000000cc700000| Complete 
|  38|0x00000000cc800000, 0x00000000cc900000, 0x00000000cc900000|100%| E|CS|TAMS 0x00000000cc800000, 0x00000000cc800000| Complete 
|  39|0x00000000cc900000, 0x00000000cca00000, 0x00000000cca00000|100%| E|CS|TAMS 0x00000000cc900000, 0x00000000cc900000| Complete 
|  40|0x00000000cca00000, 0x00000000ccb00000, 0x00000000ccb00000|100%| E|CS|TAMS 0x00000000cca00000, 0x00000000cca00000| Complete 
|  41|0x00000000ccb00000, 0x00000000ccc00000, 0x00000000ccc00000|100%| E|CS|TAMS 0x00000000ccb00000, 0x00000000ccb00000| Complete 
|  42|0x00000000ccc00000, 0x00000000ccd00000, 0x00000000ccd00000|100%| E|CS|TAMS 0x00000000ccc00000, 0x00000000ccc00000| Complete 
|  43|0x00000000ccd00000, 0x00000000ccda7838, 0x00000000cce00000| 65%| S|CS|TAMS 0x00000000ccd00000, 0x00000000ccd00000| Complete 
|  44|0x00000000cce00000, 0x00000000ccf00000, 0x00000000ccf00000|100%| S|CS|TAMS 0x00000000cce00000, 0x00000000cce00000| Complete 
|  45|0x00000000ccf00000, 0x00000000cd000000, 0x00000000cd000000|100%| S|CS|TAMS 0x00000000ccf00000, 0x00000000ccf00000| Complete 
|  46|0x00000000cd000000, 0x00000000cd100000, 0x00000000cd100000|100%| E|CS|TAMS 0x00000000cd000000, 0x00000000cd000000| Complete 
|  47|0x00000000cd100000, 0x00000000cd200000, 0x00000000cd200000|100%| E|CS|TAMS 0x00000000cd100000, 0x00000000cd100000| Complete 
|  48|0x00000000cd200000, 0x00000000cd300000, 0x00000000cd300000|100%| E|CS|TAMS 0x00000000cd200000, 0x00000000cd200000| Complete 
|  49|0x00000000cd300000, 0x00000000cd400000, 0x00000000cd400000|100%| E|CS|TAMS 0x00000000cd300000, 0x00000000cd300000| Complete 
|  50|0x00000000cd400000, 0x00000000cd500000, 0x00000000cd500000|100%| E|CS|TAMS 0x00000000cd400000, 0x00000000cd400000| Complete 
|  51|0x00000000cd500000, 0x00000000cd600000, 0x00000000cd600000|100%| E|CS|TAMS 0x00000000cd500000, 0x00000000cd500000| Complete 
|  52|0x00000000cd600000, 0x00000000cd700000, 0x00000000cd700000|100%| E|CS|TAMS 0x00000000cd600000, 0x00000000cd600000| Complete 
|  53|0x00000000cd700000, 0x00000000cd800000, 0x00000000cd800000|100%| E|CS|TAMS 0x00000000cd700000, 0x00000000cd700000| Complete 

Card table byte_map: [0x00000149502f0000,0x00000149504a0000] _byte_map_base: 0x000001494fc9f000

Marking Bits (Prev, Next): (CMBitMap*) 0x00000149457ca890, (CMBitMap*) 0x00000149457ca850
 Prev Bits: [0x00000149513d0000, 0x0000014952148000)
 Next Bits: [0x0000014950650000, 0x00000149513c8000)

Polling page: 0x0000014943730000

Metaspace:

Usage:
  Non-class:     20.58 MB used.
      Class:      3.28 MB used.
       Both:     23.86 MB used.

Virtual space:
  Non-class space:       64.00 MB reserved,      20.75 MB ( 32%) committed,  1 nodes.
      Class space:        1.00 GB reserved,       3.44 MB ( <1%) committed,  1 nodes.
             Both:        1.06 GB reserved,      24.19 MB (  2%) committed. 

Chunk freelists:
   Non-Class:  11.12 MB
       Class:  12.50 MB
        Both:  23.62 MB

MaxMetaspaceSize: unlimited
CompressedClassSpaceSize: 1.00 GB
Initial GC threshold: 21.00 MB
Current GC threshold: 35.12 MB
CDS: on
MetaspaceReclaimPolicy: balanced
 - commit_granule_bytes: 65536.
 - commit_granule_words: 8192.
 - virtual_space_node_default_size: 8388608.
 - enlarge_chunks_in_place: 1.
 - new_chunks_are_fully_committed: 0.
 - uncommit_free_chunks: 1.
 - use_allocation_guard: 0.
 - handle_deallocations: 1.


Internal statistics:

num_allocs_failed_limit: 3.
num_arena_births: 524.
num_arena_deaths: 0.
num_vsnodes_births: 2.
num_vsnodes_deaths: 0.
num_space_committed: 387.
num_space_uncommitted: 0.
num_chunks_returned_to_freelist: 3.
num_chunks_taken_from_freelist: 1425.
num_chunk_merges: 3.
num_chunk_splits: 980.
num_chunks_enlarged: 730.
num_inconsistent_stats: 0.

CodeCache: size=49152Kb used=6600Kb max_used=6840Kb free=42552Kb
 bounds [0x000001494d030000, 0x000001494d6e0000, 0x0000014950030000]
 total_blobs=3992 nmethods=3474 adapters=445
 compilation: enabled
              stopped_count=0, restarted_count=0
 full_count=0

Compilation events (20 events):
Event: 11.496 Thread 0x0000014954b19830 3464       1       org.springframework.boot.env.OriginTrackedMapPropertySource::getProperty (25 bytes)
Event: 11.496 Thread 0x0000014954b19830 nmethod 3464 0x000001494d17fb10 code [0x000001494d17fcc0, 0x000001494d17fed8]
Event: 11.499 Thread 0x0000014954b19830 3465       1       java.lang.reflect.Field::getModifiers (5 bytes)
Event: 11.499 Thread 0x0000014954b19830 nmethod 3465 0x000001494d17f810 code [0x000001494d17f9a0, 0x000001494d17fa78]
Event: 11.499 Thread 0x0000014954b19830 3466       1       org.springframework.util.StringUtils::substringMatch (60 bytes)
Event: 11.500 Thread 0x0000014954b19830 nmethod 3466 0x000001494d17f290 code [0x000001494d17f480, 0x000001494d17f6c8]
Event: 11.500 Thread 0x0000014954b19830 3468       1       java.lang.Class::createAnnotationData (195 bytes)
Event: 11.501 Thread 0x0000014954b19830 nmethod 3468 0x000001494d17e390 code [0x000001494d17e660, 0x000001494d17edd8]
Event: 11.501 Thread 0x0000014954b19830 3467       1       org.springframework.core.convert.support.GenericConversionService$Converters::addToClassHierarchy (30 bytes)
Event: 11.501 Thread 0x0000014954b19830 nmethod 3467 0x000001494d17df10 code [0x000001494d17e0c0, 0x000001494d17e268]
Event: 11.501 Thread 0x0000014954b19830 3469       1       java.lang.Class$AnnotationData::<init> (20 bytes)
Event: 11.501 Thread 0x0000014954b19830 nmethod 3469 0x000001494d17db90 code [0x000001494d17dd20, 0x000001494d17de78]
Event: 11.501 Thread 0x0000014954b19830 3470       1       org.springframework.beans.factory.annotation.AutowiredAnnotationBeanPostProcessor$$Lambda$414/0x000001490129d6c8::doWith (13 bytes)
Event: 11.501 Thread 0x0000014954b19830 nmethod 3470 0x000001494d17d810 code [0x000001494d17d9a0, 0x000001494d17da88]
Event: 11.501 Thread 0x0000014954b19830 3472       1       java.lang.WeakPairMap$Pair::hashCode (10 bytes)
Event: 11.501 Thread 0x0000014954b19830 nmethod 3472 0x000001494d17d490 code [0x000001494d17d640, 0x000001494d17d738]
Event: 11.501 Thread 0x0000014954b19830 3471   !   1       org.springframework.beans.factory.annotation.AutowiredAnnotationBeanPostProcessor::lambda$checkLookupMethods$0 (92 bytes)
Event: 11.502 Thread 0x0000014954b19830 nmethod 3471 0x000001494d17c690 code [0x000001494d17c8e0, 0x000001494d17cfb8]
Event: 11.577 Thread 0x0000014954b19830 3474       1       java.util.regex.Pattern$Node::<init> (12 bytes)
Event: 11.578 Thread 0x0000014954b19830 nmethod 3474 0x000001494d17ab90 code [0x000001494d17ad20, 0x000001494d17ae38]

GC Heap History (12 events):
Event: 2.274 GC heap before
{Heap before GC invocations=0 (full 0):
 garbage-first heap   total 55296K, used 23552K [0x00000000ca200000, 0x0000000100000000)
  region size 1024K, 23 young (23552K), 0 survivors (0K)
 Metaspace       used 4845K, committed 4992K, reserved 1114112K
  class space    used 642K, committed 704K, reserved 1048576K
}
Event: 2.283 GC heap after
{Heap after GC invocations=1 (full 0):
 garbage-first heap   total 55296K, used 6307K [0x00000000ca200000, 0x0000000100000000)
  region size 1024K, 3 young (3072K), 3 survivors (3072K)
 Metaspace       used 4845K, committed 4992K, reserved 1114112K
  class space    used 642K, committed 704K, reserved 1048576K
}
Event: 3.133 GC heap before
{Heap before GC invocations=1 (full 0):
 garbage-first heap   total 55296K, used 25763K [0x00000000ca200000, 0x0000000100000000)
  region size 1024K, 23 young (23552K), 3 survivors (3072K)
 Metaspace       used 8987K, committed 9216K, reserved 1114112K
  class space    used 1219K, committed 1344K, reserved 1048576K
}
Event: 3.138 GC heap after
{Heap after GC invocations=2 (full 0):
 garbage-first heap   total 55296K, used 7827K [0x00000000ca200000, 0x0000000100000000)
  region size 1024K, 2 young (2048K), 2 survivors (2048K)
 Metaspace       used 8987K, committed 9216K, reserved 1114112K
  class space    used 1219K, committed 1344K, reserved 1048576K
}
Event: 3.590 GC heap before
{Heap before GC invocations=2 (full 0):
 garbage-first heap   total 55296K, used 28307K [0x00000000ca200000, 0x0000000100000000)
  region size 1024K, 23 young (23552K), 2 survivors (2048K)
 Metaspace       used 13430K, committed 13696K, reserved 1114112K
  class space    used 1824K, committed 1920K, reserved 1048576K
}
Event: 3.594 GC heap after
{Heap after GC invocations=3 (full 0):
 garbage-first heap   total 55296K, used 9264K [0x00000000ca200000, 0x0000000100000000)
  region size 1024K, 3 young (3072K), 3 survivors (3072K)
 Metaspace       used 13430K, committed 13696K, reserved 1114112K
  class space    used 1824K, committed 1920K, reserved 1048576K
}
Event: 4.768 GC heap before
{Heap before GC invocations=3 (full 0):
 garbage-first heap   total 55296K, used 32816K [0x00000000ca200000, 0x0000000100000000)
  region size 1024K, 26 young (26624K), 3 survivors (3072K)
 Metaspace       used 15784K, committed 16128K, reserved 1114112K
  class space    used 2161K, committed 2304K, reserved 1048576K
}
Event: 4.781 GC heap after
{Heap after GC invocations=4 (full 0):
 garbage-first heap   total 55296K, used 11774K [0x00000000ca200000, 0x0000000100000000)
  region size 1024K, 4 young (4096K), 4 survivors (4096K)
 Metaspace       used 15784K, committed 16128K, reserved 1114112K
  class space    used 2161K, committed 2304K, reserved 1048576K
}
Event: 5.947 GC heap before
{Heap before GC invocations=4 (full 0):
 garbage-first heap   total 55296K, used 36350K [0x00000000ca200000, 0x0000000100000000)
  region size 1024K, 28 young (28672K), 4 survivors (4096K)
 Metaspace       used 19797K, committed 20160K, reserved 1114112K
  class space    used 2727K, committed 2880K, reserved 1048576K
}
Event: 5.962 GC heap after
{Heap after GC invocations=5 (full 0):
 garbage-first heap   total 55296K, used 13592K [0x00000000ca200000, 0x0000000100000000)
  region size 1024K, 2 young (2048K), 2 survivors (2048K)
 Metaspace       used 19797K, committed 20160K, reserved 1114112K
  class space    used 2727K, committed 2880K, reserved 1048576K
}
Event: 8.176 GC heap before
{Heap before GC invocations=5 (full 0):
 garbage-first heap   total 55296K, used 20760K [0x00000000ca200000, 0x0000000100000000)
  region size 1024K, 10 young (10240K), 2 survivors (2048K)
 Metaspace       used 21167K, committed 21504K, reserved 1114112K
  class space    used 2956K, committed 3136K, reserved 1048576K
}
Event: 8.181 GC heap after
{Heap after GC invocations=6 (full 0):
 garbage-first heap   total 55296K, used 14262K [0x00000000ca200000, 0x0000000100000000)
  region size 1024K, 3 young (3072K), 3 survivors (3072K)
 Metaspace       used 21167K, committed 21504K, reserved 1114112K
  class space    used 2956K, committed 3136K, reserved 1048576K
}

Deoptimization events (4 events):
Event: 11.382 Thread 0x000001495902e120 DEOPT PACKING pc=0x000001494d45e597 sp=0x00000015b4cff0b0
Event: 11.382 Thread 0x000001495902e120 DEOPT UNPACKING pc=0x000001494d082b43 sp=0x00000015b4cfe508 mode 3
Event: 11.382 Thread 0x000001495962f640 DEOPT PACKING pc=0x000001494d46ff01 sp=0x00000015b40fead0
Event: 11.382 Thread 0x000001495962f640 DEOPT UNPACKING pc=0x000001494d082b43 sp=0x00000015b40fdf60 mode 3

Classes unloaded (0 events):
No events

Classes redefined (0 events):
No events

Internal exceptions (20 events):
Event: 5.504 Thread 0x00000149457893a0 Exception <a 'java/lang/NoSuchMethodError'{0x00000000cc879600}: 'int java.lang.invoke.Invokers$Holder.linkToTargetMethod(java.lang.Object, java.lang.Object, java.lang.Object)'> (0x00000000cc879600) 
thrown [s\open\src\hotspot\share\interpreter\linkResolver.cpp, line 759]
Event: 5.615 Thread 0x00000149457893a0 Exception <a 'java/lang/NoClassDefFoundError'{0x00000000cc6fed28}: org/flywaydb/core/Flyway> (0x00000000cc6fed28) 
thrown [s\open\src\hotspot\share\classfile\systemDictionary.cpp, line 245]
Event: 5.616 Thread 0x00000149457893a0 Exception <a 'java/lang/NoClassDefFoundError'{0x00000000cc501700}: liquibase/integration/spring/SpringLiquibase> (0x00000000cc501700) 
thrown [s\open\src\hotspot\share\classfile\systemDictionary.cpp, line 245]
Event: 5.698 Thread 0x00000149457893a0 Exception <a 'java/lang/NoSuchMethodError'{0x00000000cc4a2370}: 'void java.lang.invoke.DirectMethodHandle$Holder.invokeSpecial(java.lang.Object, java.lang.Object, java.lang.Object, java.lang.Object, java.lang.Object, java.lang.Object)'> (0x00000000cc4a2370) 
thrown [s\open\src\hotspot\share\interpreter\linkResolver.cpp, line 759]
Event: 6.014 Thread 0x00000149457893a0 Exception <a 'java/lang/NoSuchMethodError'{0x00000000cd631c10}: 'void java.lang.invoke.DirectMethodHandle$Holder.invokeInterface(java.lang.Object, java.lang.Object, int)'> (0x00000000cd631c10) 
thrown [s\open\src\hotspot\share\interpreter\linkResolver.cpp, line 759]
Event: 6.021 Thread 0x00000149457893a0 Exception <a 'java/lang/IncompatibleClassChangeError'{0x00000000cd682448}: Found class java.lang.Object, but interface was expected> (0x00000000cd682448) 
thrown [s\open\src\hotspot\share\interpreter\linkResolver.cpp, line 826]
Event: 6.022 Thread 0x00000149457893a0 Exception <a 'java/lang/NoSuchMethodError'{0x00000000cd692f80}: 'int java.lang.invoke.DirectMethodHandle$Holder.invokeSpecialIFC(java.lang.Object, java.lang.Object, java.lang.Object)'> (0x00000000cd692f80) 
thrown [s\open\src\hotspot\share\interpreter\linkResolver.cpp, line 759]
Event: 6.023 Thread 0x00000149457893a0 Exception <a 'java/lang/NoSuchMethodError'{0x00000000cd6ab7a8}: 'void java.lang.invoke.DirectMethodHandle$Holder.invokeStatic(java.lang.Object, int, java.lang.Object)'> (0x00000000cd6ab7a8) 
thrown [s\open\src\hotspot\share\interpreter\linkResolver.cpp, line 759]
Event: 6.031 Thread 0x00000149457893a0 Exception <a 'java/lang/NoSuchMethodError'{0x00000000cd6ee548}: 'void java.lang.invoke.DirectMethodHandle$Holder.invokeVirtual(java.lang.Object, java.lang.Object, int)'> (0x00000000cd6ee548) 
thrown [s\open\src\hotspot\share\interpreter\linkResolver.cpp, line 759]
Event: 6.032 Thread 0x00000149457893a0 Exception <a 'java/lang/NoSuchMethodError'{0x00000000cd6f4790}: 'void java.lang.invoke.DirectMethodHandle$Holder.invokeStatic(java.lang.Object, java.lang.Object, java.lang.Object, int, java.lang.Object)'> (0x00000000cd6f4790) 
thrown [s\open\src\hotspot\share\interpreter\linkResolver.cpp, line 759]
Event: 6.033 Thread 0x00000149457893a0 Exception <a 'java/lang/NoSuchMethodError'{0x00000000cd6fbc98}: 'java.lang.Object java.lang.invoke.DirectMethodHandle$Holder.newInvokeSpecial(java.lang.Object, java.lang.Object, java.lang.Object, int)'> (0x00000000cd6fbc98) 
thrown [s\open\src\hotspot\share\interpreter\linkResolver.cpp, line 759]
Event: 6.034 Thread 0x00000149457893a0 Exception <a 'java/lang/NoSuchMethodError'{0x00000000cd6fff80}: 'java.lang.Object java.lang.invoke.DirectMethodHandle$Holder.invokeSpecial(java.lang.Object, java.lang.Object, java.lang.Object, java.lang.Object, int)'> (0x00000000cd6fff80) 
thrown [s\open\src\hotspot\share\interpreter\linkResolver.cpp, line 759]
Event: 6.034 Thread 0x00000149457893a0 Exception <a 'java/lang/NoSuchMethodError'{0x00000000cd503ba0}: 'java.lang.Object java.lang.invoke.Invokers$Holder.linkToTargetMethod(java.lang.Object, java.lang.Object, int, java.lang.Object)'> (0x00000000cd503ba0) 
thrown [s\open\src\hotspot\share\interpreter\linkResolver.cpp, line 759]
Event: 6.332 Thread 0x00000149457893a0 Exception <a 'java/lang/NoSuchMethodError'{0x00000000cd2f7ba8}: 'java.lang.Object java.lang.invoke.DirectMethodHandle$Holder.invokeStaticInit(java.lang.Object, int, int, int, int)'> (0x00000000cd2f7ba8) 
thrown [s\open\src\hotspot\share\interpreter\linkResolver.cpp, line 759]
Event: 7.587 Thread 0x00000149457893a0 Exception <a 'java/lang/NoSuchMethodError'{0x00000000cd1674c0}: 'java.lang.Object java.lang.invoke.DirectMethodHandle$Holder.invokeStaticInit(java.lang.Object, java.lang.Object, int, int, int, int)'> (0x00000000cd1674c0) 
thrown [s\open\src\hotspot\share\interpreter\linkResolver.cpp, line 759]
Event: 10.486 Thread 0x00000149457893a0 Exception <a 'java/lang/NoSuchMethodError'{0x00000000cd3a7270}: 'java.lang.Object java.lang.invoke.DirectMethodHandle$Holder.invokeSpecial(java.lang.Object, java.lang.Object, long, java.lang.Object, java.lang.Object, java.lang.Object, java.lang.Object, java.lang.Object, java.lang.Object)'> (0x00000000cd3a7270) 
thrown [s\open\src\hotspot\share\interpreter\linkResolver.cpp, line 759]
Event: 10.486 Thread 0x00000149457893a0 Exception <a 'java/lang/NoSuchMethodError'{0x00000000cd3abd98}: 'java.lang.Object java.lang.invoke.DelegatingMethodHandle$Holder.reinvoke_L(java.lang.Object, long, java.lang.Object, java.lang.Object, java.lang.Object, java.lang.Object, java.lang.Object, java.lang.Object)'> (0x00000000cd3abd98) 
thrown [s\open\src\hotspot\share\interpreter\linkResolver.cpp, line 759]
Event: 11.052 Thread 0x00000149457893a0 Exception <a 'java/io/FileNotFoundException'{0x00000000cd14e5d0}> (0x00000000cd14e5d0) 
thrown [s\open\src\hotspot\share\prims\jni.cpp, line 516]
Event: 11.144 Thread 0x00000149457893a0 Exception <a 'java/lang/NoSuchMethodError'{0x00000000ccc1dd38}: 'int java.lang.invoke.DirectMethodHandle$Holder.invokeInterface(java.lang.Object, java.lang.Object, java.lang.Object, java.lang.Object)'> (0x00000000ccc1dd38) 
thrown [s\open\src\hotspot\share\interpreter\linkResolver.cpp, line 759]
Event: 11.330 Thread 0x00000149457893a0 Exception <a 'java/lang/NoSuchMethodError'{0x00000000ccab1618}: 'long java.lang.invoke.DirectMethodHandle$Holder.invokeVirtual(java.lang.Object, java.lang.Object)'> (0x00000000ccab1618) 
thrown [s\open\src\hotspot\share\interpreter\linkResolver.cpp, line 759]

VM Operations (20 events):
Event: 9.246 Executing VM operation: Cleanup
Event: 9.246 Executing VM operation: Cleanup done
Event: 9.720 Executing VM operation: HandshakeAllThreads
Event: 9.720 Executing VM operation: HandshakeAllThreads done
Event: 9.913 Executing VM operation: HandshakeAllThreads
Event: 9.913 Executing VM operation: HandshakeAllThreads done
Event: 10.846 Executing VM operation: HandshakeAllThreads
Event: 10.846 Executing VM operation: HandshakeAllThreads done
Event: 10.846 Executing VM operation: Cleanup
Event: 10.847 Executing VM operation: Cleanup done
Event: 11.037 Executing VM operation: HandshakeAllThreads
Event: 11.037 Executing VM operation: HandshakeAllThreads done
Event: 11.266 Executing VM operation: HandshakeAllThreads
Event: 11.266 Executing VM operation: HandshakeAllThreads done
Event: 11.267 Executing VM operation: HandshakeAllThreads
Event: 11.267 Executing VM operation: HandshakeAllThreads done
Event: 11.351 Executing VM operation: HandshakeAllThreads
Event: 11.351 Executing VM operation: HandshakeAllThreads done
Event: 11.475 Executing VM operation: HandshakeAllThreads
Event: 11.475 Executing VM operation: HandshakeAllThreads done

Events (20 events):
Event: 11.381 loading class java/util/concurrent/locks/AbstractQueuedSynchronizer$ExclusiveNode done
Event: 11.381 loading class java/util/concurrent/locks/AbstractQueuedSynchronizer$ConditionNode done
Event: 11.390 Thread 0x0000014959666d50 Thread added: 0x0000014959666d50
Event: 11.478 loading class java/time/format/DateTimeFormatterBuilder$ZoneTextPrinterParser
Event: 11.479 loading class java/time/format/DateTimeFormatterBuilder$ZoneTextPrinterParser done
Event: 11.479 loading class java/time/format/DateTimeFormatterBuilder$ReducedPrinterParser
Event: 11.479 loading class java/time/format/DateTimeFormatterBuilder$ReducedPrinterParser done
Event: 11.496 loading class sun/reflect/annotation/AnnotationInvocationHandler$1
Event: 11.496 loading class sun/reflect/annotation/AnnotationInvocationHandler$1 done
Event: 11.506 loading class java/util/concurrent/CompletableFuture
Event: 11.507 loading class java/util/concurrent/CompletionStage
Event: 11.508 loading class java/util/concurrent/CompletionStage done
Event: 11.508 loading class java/util/concurrent/CompletableFuture done
Event: 11.575 loading class java/math/MathContext
Event: 11.576 loading class java/math/MathContext done
Event: 11.586 loading class java/security/InvalidKeyException
Event: 11.586 loading class java/security/KeyException
Event: 11.586 loading class java/security/KeyException done
Event: 11.587 loading class java/security/InvalidKeyException done
Event: 11.587 loading class java/security/SignatureException


Dynamic libraries:
0x00007ff709840000 - 0x00007ff709850000 	C:\Program Files\Java\jdk-17\bin\java.exe
0x00007ffcb7a10000 - 0x00007ffcb7c27000 	C:\WINDOWS\SYSTEM32\ntdll.dll
0x00007ffcb6790000 - 0x00007ffcb6854000 	C:\WINDOWS\System32\KERNEL32.DLL
0x00007ffcb5110000 - 0x00007ffcb54c9000 	C:\WINDOWS\System32\KERNELBASE.dll
0x00007ffcb54d0000 - 0x00007ffcb55e1000 	C:\WINDOWS\System32\ucrtbase.dll
0x00007ffc888b0000 - 0x00007ffc888cb000 	C:\Program Files\Java\jdk-17\bin\VCRUNTIME140.dll
0x00007ffc888d0000 - 0x00007ffc888e9000 	C:\Program Files\Java\jdk-17\bin\jli.dll
0x00007ffcb6490000 - 0x00007ffcb6542000 	C:\WINDOWS\System32\ADVAPI32.dll
0x00007ffcb7180000 - 0x00007ffcb7227000 	C:\WINDOWS\System32\msvcrt.dll
0x00007ffcb7400000 - 0x00007ffcb74a7000 	C:\WINDOWS\System32\sechost.dll
0x00007ffcb5700000 - 0x00007ffcb5728000 	C:\WINDOWS\System32\bcrypt.dll
0x00007ffcb5b60000 - 0x00007ffcb5c74000 	C:\WINDOWS\System32\RPCRT4.dll
0x00007ffcb62e0000 - 0x00007ffcb648e000 	C:\WINDOWS\System32\USER32.dll
0x00007ffca5150000 - 0x00007ffca53e2000 	C:\WINDOWS\WinSxS\amd64_microsoft.windows.common-controls_6595b64144ccf1df_6.0.22621.4391_none_2715d37f73803e96\COMCTL32.dll
0x00007ffcb4f70000 - 0x00007ffcb4f96000 	C:\WINDOWS\System32\win32u.dll
0x00007ffcb5b20000 - 0x00007ffcb5b49000 	C:\WINDOWS\System32\GDI32.dll
0x00007ffca7e40000 - 0x00007ffca7e4a000 	C:\WINDOWS\SYSTEM32\VERSION.dll
0x00007ffcb4e50000 - 0x00007ffcb4f6b000 	C:\WINDOWS\System32\gdi32full.dll
0x00007ffcb5660000 - 0x00007ffcb56fa000 	C:\WINDOWS\System32\msvcp_win.dll
0x00007ffcb6750000 - 0x00007ffcb6781000 	C:\WINDOWS\System32\IMM32.DLL
0x00007ffc9aa40000 - 0x00007ffc9aa4c000 	C:\Program Files\Java\jdk-17\bin\vcruntime140_1.dll
0x00007ffc516c0000 - 0x00007ffc5174e000 	C:\Program Files\Java\jdk-17\bin\msvcp140.dll
0x00007ffc25df0000 - 0x00007ffc269d0000 	C:\Program Files\Java\jdk-17\bin\server\jvm.dll
0x00007ffcaf740000 - 0x00007ffcaf774000 	C:\WINDOWS\SYSTEM32\WINMM.dll
0x00007ffcb6860000 - 0x00007ffcb6868000 	C:\WINDOWS\System32\PSAPI.DLL
0x00007ffc97150000 - 0x00007ffc97159000 	C:\WINDOWS\SYSTEM32\WSOCK32.dll
0x00007ffcb5c80000 - 0x00007ffcb5cf1000 	C:\WINDOWS\System32\ws2_32.DLL
0x00007ffcb3d20000 - 0x00007ffcb3d38000 	C:\WINDOWS\SYSTEM32\kernel.appcore.dll
0x00007ffc96d60000 - 0x00007ffc96d6a000 	C:\Program Files\Java\jdk-17\bin\jimage.dll
0x00007ffcb2700000 - 0x00007ffcb2932000 	C:\WINDOWS\SYSTEM32\DBGHELP.DLL
0x00007ffcb5790000 - 0x00007ffcb5b1f000 	C:\WINDOWS\System32\combase.dll
0x00007ffcb5e10000 - 0x00007ffcb5ee7000 	C:\WINDOWS\System32\OLEAUT32.dll
0x00007ffca9d60000 - 0x00007ffca9d92000 	C:\WINDOWS\SYSTEM32\dbgcore.DLL
0x00007ffcb4dd0000 - 0x00007ffcb4e4b000 	C:\WINDOWS\System32\bcryptPrimitives.dll
0x00007ffc82d30000 - 0x00007ffc82d55000 	C:\Program Files\Java\jdk-17\bin\java.dll
0x00007ffc467e0000 - 0x00007ffc468b7000 	C:\Program Files\Java\jdk-17\bin\jsvml.dll
0x00007ffcb6870000 - 0x00007ffcb70e6000 	C:\WINDOWS\System32\SHELL32.dll
0x00007ffcb2c00000 - 0x00007ffcb3503000 	C:\WINDOWS\SYSTEM32\windows.storage.dll
0x00007ffcb2ac0000 - 0x00007ffcb2bff000 	C:\WINDOWS\SYSTEM32\wintypes.dll
0x00007ffcb5d10000 - 0x00007ffcb5e09000 	C:\WINDOWS\System32\SHCORE.dll
0x00007ffcb7970000 - 0x00007ffcb79ce000 	C:\WINDOWS\System32\shlwapi.dll
0x00007ffcb4c40000 - 0x00007ffcb4c6b000 	C:\WINDOWS\SYSTEM32\profapi.dll
0x00007ffc81d30000 - 0x00007ffc81d49000 	C:\Program Files\Java\jdk-17\bin\net.dll
0x00007ffcae9f0000 - 0x00007ffcaeb26000 	C:\WINDOWS\SYSTEM32\WINHTTP.dll
0x00007ffcb41b0000 - 0x00007ffcb4219000 	C:\WINDOWS\system32\mswsock.dll
0x00007ffc80bd0000 - 0x00007ffc80be6000 	C:\Program Files\Java\jdk-17\bin\nio.dll
0x00007ffc7fc90000 - 0x00007ffc7fca8000 	C:\Program Files\Java\jdk-17\bin\zip.dll
0x00007ffc965c0000 - 0x00007ffc965d0000 	C:\Program Files\Java\jdk-17\bin\verify.dll
0x00007ffc962a0000 - 0x00007ffc962ae000 	C:\Program Files\Java\jdk-17\bin\sunmscapi.dll
0x00007ffcb4fa0000 - 0x00007ffcb5106000 	C:\WINDOWS\System32\CRYPT32.dll
0x00007ffcb45e0000 - 0x00007ffcb460d000 	C:\WINDOWS\SYSTEM32\ncrypt.dll
0x00007ffcb45a0000 - 0x00007ffcb45d7000 	C:\WINDOWS\SYSTEM32\NTASN1.dll
0x00007ffcb4420000 - 0x00007ffcb443b000 	C:\WINDOWS\SYSTEM32\CRYPTSP.dll
0x00007ffcb3c80000 - 0x00007ffcb3cb5000 	C:\WINDOWS\system32\rsaenh.dll
0x00007ffcb42c0000 - 0x00007ffcb42e8000 	C:\WINDOWS\SYSTEM32\USERENV.dll
0x00007ffcb4440000 - 0x00007ffcb444c000 	C:\WINDOWS\SYSTEM32\CRYPTBASE.dll
0x00007ffcb3770000 - 0x00007ffcb379d000 	C:\WINDOWS\SYSTEM32\IPHLPAPI.DLL
0x00007ffcb5d00000 - 0x00007ffcb5d09000 	C:\WINDOWS\System32\NSI.dll
0x00007ffcaeb30000 - 0x00007ffcaeb49000 	C:\WINDOWS\SYSTEM32\dhcpcsvc6.DLL
0x00007ffcade20000 - 0x00007ffcade3f000 	C:\WINDOWS\SYSTEM32\dhcpcsvc.DLL
0x00007ffcb37e0000 - 0x00007ffcb38e2000 	C:\WINDOWS\SYSTEM32\DNSAPI.dll
0x00007ffc94680000 - 0x00007ffc9468a000 	C:\Program Files\Java\jdk-17\bin\management.dll
0x00007ffc93a10000 - 0x00007ffc93a1b000 	C:\Program Files\Java\jdk-17\bin\management_ext.dll

dbghelp: loaded successfully - version: 4.0.5 - missing functions: none
symbol engine: initialized successfully - sym options: 0x614 - pdb path: .;C:\Program Files\Java\jdk-17\bin;C:\WINDOWS\SYSTEM32;C:\WINDOWS\WinSxS\amd64_microsoft.windows.common-controls_6595b64144ccf1df_6.0.22621.4391_none_2715d37f73803e96;C:\Program Files\Java\jdk-17\bin\server

VM Arguments:
jvm_args: -XX:TieredStopAtLevel=1 
java_command: com.example.clientapp.ClientAppApplication
java_class_path (initial): C:\Users\chenc\Desktop\4156\project\Ateam-App\ClientApp\target\classes;C:\Users\chenc\.m2\repository\org\springframework\boot\spring-boot\3.3.5\spring-boot-3.3.5.jar;C:\Users\chenc\.m2\repository\org\springframework\boot\spring-boot-autoconfigure\3.3.5\spring-boot-autoconfigure-3.3.5.jar;C:\Users\chenc\.m2\repository\ch\qos\logback\logback-classic\1.5.11\logback-classic-1.5.11.jar;C:\Users\chenc\.m2\repository\ch\qos\logback\logback-core\1.5.11\logback-core-1.5.11.jar;C:\Users\chenc\.m2\repository\org\apache\logging\log4j\log4j-to-slf4j\2.23.1\log4j-to-slf4j-2.23.1.jar;C:\Users\chenc\.m2\repository\org\apache\logging\log4j\log4j-api\2.23.1\log4j-api-2.23.1.jar;C:\Users\chenc\.m2\repository\org\slf4j\jul-to-slf4j\2.0.16\jul-to-slf4j-2.0.16.jar;C:\Users\chenc\.m2\repository\jakarta\annotation\jakarta.annotation-api\2.1.1\jakarta.annotation-api-2.1.1.jar;C:\Users\chenc\.m2\repository\org\yaml\snakeyaml\2.2\snakeyaml-2.2.jar;C:\Users\chenc\.m2\repository\org\thymeleaf\thymeleaf-spring6\3.1.2.RELEASE\thymeleaf-spring6-3.1.2.RELEASE.jar;C:\Users\chenc\.m2\repository\org\thymeleaf\thymeleaf\3.1.2.RELEASE\thymeleaf-3.1.2.RELEASE.jar;C:\Users\chenc\.m2\repository\org\attoparser\attoparser\2.0.7.RELEASE\attoparser-2.0.7.RELEASE.jar;C:\Users\chenc\.m2\repository\org\unbescape\unbescape\1.1.6.RELEASE\unbescape-1.1.6.RELEASE.jar;C:\Users\chenc\.m2\repository\com\google\firebase\firebase-admin\8.1.0\firebase-admin-8.1.0.jar;C:\Users\chenc\.m2\repository\com\google\api-client\google-api-client\1.32.1\google-api-client-1.32.1.jar;C:\Users\chenc\.m2\repository\com\google\oauth-client\google-oauth-client\1.31.5\google-oauth-client-1.31.5.jar;C:\Users\chenc\.m2\repository\com\google\http-client\google-http-client-gson\1.39.2\google-http-client-gson-1.39.2.jar;C:\Users\chenc\.m2\repository\com\google\http-client\google-http-client-apache-v2\1.39.2\google-http-client-apache-v2-1.39.2.jar;C:\Users\chenc\.m2\repository\org\apache\httpcomponents\httpcore\4.4.16
Launcher Type: SUN_STANDARD

[Global flags]
     intx CICompilerCount                          = 4                                         {product} {ergonomic}
     uint ConcGCThreads                            = 2                                         {product} {ergonomic}
     uint G1ConcRefinementThreads                  = 8                                         {product} {ergonomic}
   size_t G1HeapRegionSize                         = 1048576                                   {product} {ergonomic}
    uintx GCDrainStackTargetSize                   = 64                                        {product} {ergonomic}
   size_t InitialHeapSize                          = 56623104                                  {product} {ergonomic}
   size_t MarkStackSize                            = 4194304                                   {product} {ergonomic}
   size_t MaxHeapSize                              = 903872512                                 {product} {ergonomic}
   size_t MaxNewSize                               = 542113792                                 {product} {ergonomic}
   size_t MinHeapDeltaBytes                        = 1048576                                   {product} {ergonomic}
   size_t MinHeapSize                              = 8388608                                   {product} {ergonomic}
    uintx NonProfiledCodeHeapSize                  = 0                                      {pd product} {ergonomic}
     bool ProfileInterpreter                       = false                                  {pd product} {command line}
    uintx ProfiledCodeHeapSize                     = 0                                      {pd product} {ergonomic}
   size_t SoftMaxHeapSize                          = 903872512                              {manageable} {ergonomic}
     intx TieredStopAtLevel                        = 1                                         {product} {command line}
     bool UseCompressedClassPointers               = true                           {product lp64_product} {ergonomic}
     bool UseCompressedOops                        = true                           {product lp64_product} {ergonomic}
     bool UseG1GC                                  = true                                      {product} {ergonomic}
     bool UseLargePagesIndividualAllocation        = false                                  {pd product} {ergonomic}

Logging:
Log output configuration:
 #0: stdout all=warning uptime,level,tags
 #1: stderr all=off uptime,level,tags

Environment Variables:
JAVA_HOME=C:\Program Files\Java\jdk-17
PATH=C:\Program Files (x86)\VMware\VMware Workstation\bin\;C:\Program Files\Common Files\Oracle\Java\javapath;C:\WINDOWS\system32;C:\WINDOWS;C:\WINDOWS\System32\Wbem;C:\WINDOWS\System32\WindowsPowerShell\v1.0\;C:\WINDOWS\System32\OpenSSH\;C:\Program Files\nodejs\;C:\Program Files\Git\cmd;C:\Program Files\maven\apache-maven-3.9.5\bin;C:\Program Files (x86)\Gpg4win\..\GnuPG\bin;C:\pmd-bin-7.5.0\pmd-bin-7.5.0\bin;C:\Program Files\Go\bin;C:\msys64\mingw64\bin;C:\msys64\usr\bin;C:\ghcup\Cabal-3.2.0.0;;C:\ProgramData\chocolatey\bin;C:\bin;C:\Users\chenc\AppData\Roaming\local\bin;C:\Users\chenc\AppData\Local\Microsoft\WindowsApps;C:\Users\chenc\AppData\Local\Programs\Microsoft VS Code\bin;C:\Users\chenc\AppData\Roaming\npm;C:\msys64\ucrt64\bin;C:\Program Files\JetBrains\IntelliJ IDEA 2024.2.1\bin;;C:\pmd-bin-7.5.0\pmd-bin-7.5.0\bin;C:\Program Files\Go\bin;C:\Users\chenc\AppData\Local\Google\Cloud SDK\google-cloud-sdk\bin;C:\ghcup\Cabal-3.2.0.0;C:\msys64\mingw64\bin;C:\msys64\usr\bin;;C:\Users\chenc\AppData\Roaming\cabal\bin;C:\tools\ghc-9.8.2\bin
USERNAME=chenc
OS=Windows_NT
PROCESSOR_IDENTIFIER=AMD64 Family 23 Model 104 Stepping 1, AuthenticAMD



---------------  S Y S T E M  ---------------

OS:
 Windows 11 , 64 bit Build 22621 (10.0.22621.4391)
OS uptime: 1 days 5:31 hours
Hyper-V role detected

CPU: total 8 (initial active 8) (8 cores per cpu, 2 threads per core) family 23 model 104 stepping 1 microcode 0x0, cx8, cmov, fxsr, ht, mmx, 3dnowpref, sse, sse2, sse3, ssse3, sse4a, sse4.1, sse4.2, popcnt, lzcnt, tsc, tscinvbit, avx, avx2, aes, clmul, bmi1, bmi2, adx, sha, fma, vzeroupper, clflush, clflushopt, hv

Memory: 4k page, system-wide physical 3446M (232M free)
TotalPageFile size 14198M (AvailPageFile size 0M)
current process WorkingSet (physical memory assigned to process): 120M, peak: 120M
current process commit charge ("private bytes"): 173M, peak: 173M

vm_info: Java HotSpot(TM) 64-Bit Server VM (17.0.12+8-LTS-286) for windows-amd64 JRE (17.0.12+8-LTS-286), built on Jun  5 2024 06:46:59 by "mach5one" with MS VC++ 17.6 (VS2022)

END.
